<?xml version="1.0" encoding="UTF-8"?>
<testng-results skipped="0" failed="0" ignored="0" total="1" passed="1">
  <reporter-output>
  </reporter-output>
  <suite name="Default suite" duration-ms="23941" started-at="2018-08-28T12:51:29Z" finished-at="2018-08-28T12:51:53Z">
    <groups>
    </groups>
    <test name="Default test" duration-ms="23941" started-at="2018-08-28T12:51:29Z" finished-at="2018-08-28T12:51:53Z">
      <class name="NewPackage.NewTests">
        <test-method status="PASS" signature="tests(java.lang.String)[pri:0, instance:NewPackage.NewTests@4678c730]" name="tests" duration-ms="23849" started-at="2018-08-28T12:51:29Z" data-provider="create" finished-at="2018-08-28T12:51:53Z">
          <params>
            <param index="0">
              <value>
                <![CDATA[121]]>
              </value>
            </param>
          </params>
          <reporter-output>
          </reporter-output>
        </test-method> <!-- tests -->
      </class> <!-- NewPackage.NewTests -->
    </test> <!-- Default test -->
  </suite> <!-- Default suite -->
</testng-results>
