<?xml version="1.0" encoding="UTF-8"?>
<testng-results skipped="0" failed="0" ignored="0" total="1" passed="1">
  <reporter-output>
  </reporter-output>
  <suite name="Suite1" duration-ms="21994" started-at="2018-08-30T14:13:47Z" finished-at="2018-08-30T14:14:09Z">
    <groups>
    </groups>
    <test name="test1" duration-ms="21994" started-at="2018-08-30T14:13:47Z" finished-at="2018-08-30T14:14:09Z">
      <class name="NewPackage.NewTests">
        <test-method status="PASS" signature="tests(java.lang.String)[pri:0, instance:NewPackage.NewTests@4678c730]" name="tests" duration-ms="21940" started-at="2018-08-30T14:13:47Z" data-provider="create" finished-at="2018-08-30T14:14:09Z">
          <params>
            <param index="0">
              <value>
                <![CDATA[121]]>
              </value>
            </param>
          </params>
          <reporter-output>
          </reporter-output>
        </test-method> <!-- tests -->
      </class> <!-- NewPackage.NewTests -->
    </test> <!-- test1 -->
  </suite> <!-- Suite1 -->
</testng-results>
